#
# There is insufficient memory for the Java Runtime Environment to continue.
# Native memory allocation (malloc) failed to allocate 1317456 bytes for Chunk::new
# Possible reasons:
#   The system is out of physical RAM or swap space
#   The process is running with CompressedOops enabled, and the Java Heap may be blocking the growth of the native heap
# Possible solutions:
#   Reduce memory load on the system
#   Increase physical memory or swap space
#   Check if swap backing store is full
#   Decrease Java heap size (-Xmx/-Xms)
#   Decrease number of Java threads
#   Decrease Java thread stack sizes (-Xss)
#   Set larger code cache with -XX:ReservedCodeCacheSize=
#   JVM is running with Unscaled Compressed Oops mode in which the Java heap is
#     placed in the first 4GB address space. The Java Heap base address is the
#     maximum limit for the native heap growth. Please use -XX:HeapBaseMinAddress
#     to set the Java Heap base and to place the Java Heap above 4GB virtual address.
# This output file may be truncated or incomplete.
#
#  Out of Memory Error (allocation.cpp:389), pid=18396, tid=0x000000000001292c
#
# JRE version: OpenJDK Runtime Environment (8.0_212-b04) (build 1.8.0_212-release-1586-b04)
# Java VM: OpenJDK 64-Bit Server VM (25.212-b04 mixed mode windows-amd64 compressed oops)
# Failed to write core dump. Minidumps are not enabled by default on client versions of Windows
#

---------------  T H R E A D  ---------------

Current thread (0x0000000018adf800):  JavaThread "C2 CompilerThread1" daemon [_thread_in_native, id=76076, stack(0x00000000194e0000,0x00000000195e0000)]

Stack: [0x00000000194e0000,0x00000000195e0000]
[error occurred during error reporting (printing stack bounds), id 0xc0000005]

Native frames: (J=compiled Java code, j=interpreted, Vv=VM code, C=native code)


Current CompileTask:
C2:   3699 1449       4       java.net.URLClassLoader$1::run (5 bytes)


---------------  P R O C E S S  ---------------

Java Threads: ( => current thread )
  0x000000001b587000 JavaThread "Cache worker for journal cache (C:\Users\user\.gradle\caches\journal-1)" [_thread_blocked, id=5468, stack(0x000000001d930000,0x000000001da30000)]
  0x000000001b589000 JavaThread "File lock request listener" [_thread_in_native, id=76232, stack(0x000000001d830000,0x000000001d930000)]
  0x000000001b58a800 JavaThread "Cache worker for file hash cache (C:\Users\user\.gradle\caches\5.6.4\fileHashes)" [_thread_blocked, id=78720, stack(0x000000001d730000,0x000000001d830000)]
  0x000000001b587800 JavaThread "Thread-9" [_thread_blocked, id=76136, stack(0x000000001d430000,0x000000001d530000)]
  0x000000001b5bf800 JavaThread "Stdin handler" [_thread_blocked, id=75572, stack(0x000000001d330000,0x000000001d430000)]
  0x000000001b5b2800 JavaThread "Asynchronous log dispatcher for DefaultDaemonConnection: socket connection from /127.0.0.1:56592 to /127.0.0.1:56593" [_thread_blocked, id=68916, stack(0x000000001d130000,0x000000001d230000)]
  0x000000001b5b1800 JavaThread "Daemon worker" [_thread_in_vm, id=78192, stack(0x000000001d030000,0x000000001d130000)]
  0x000000001b5b0800 JavaThread "Cancel handler" [_thread_blocked, id=68696, stack(0x000000001cf30000,0x000000001d030000)]
  0x000000001b569800 JavaThread "Handler for socket connection from /127.0.0.1:56592 to /127.0.0.1:56593" [_thread_in_native, id=69840, stack(0x000000001cc30000,0x000000001cd30000)]
  0x000000001b518800 JavaThread "Daemon" [_thread_blocked, id=67480, stack(0x000000001cb30000,0x000000001cc30000)]
  0x000000001b4dd800 JavaThread "Daemon periodic checks" [_thread_blocked, id=12532, stack(0x000000001ca30000,0x000000001cb30000)]
  0x000000001b4db800 JavaThread "Incoming local TCP Connector on port 56592" [_thread_in_native, id=78352, stack(0x000000001c7c0000,0x000000001c8c0000)]
  0x000000001b493800 JavaThread "Daemon health stats" [_thread_blocked, id=70752, stack(0x000000001c180000,0x000000001c280000)]
  0x0000000018b77000 JavaThread "Service Thread" daemon [_thread_blocked, id=75336, stack(0x00000000197e0000,0x00000000198e0000)]
  0x0000000018aef000 JavaThread "C1 CompilerThread3" daemon [_thread_blocked, id=78224, stack(0x00000000196e0000,0x00000000197e0000)]
  0x0000000016ced800 JavaThread "C2 CompilerThread2" daemon [_thread_blocked, id=77008, stack(0x00000000195e0000,0x00000000196e0000)]
=>0x0000000018adf800 JavaThread "C2 CompilerThread1" daemon [_thread_in_native, id=76076, stack(0x00000000194e0000,0x00000000195e0000)]
  0x0000000018adc000 JavaThread "C2 CompilerThread0" daemon [_thread_blocked, id=25672, stack(0x00000000193e0000,0x00000000194e0000)]
  0x0000000018adb000 JavaThread "Attach Listener" daemon [_thread_blocked, id=72508, stack(0x00000000192e0000,0x00000000193e0000)]
  0x0000000018ae5800 JavaThread "Signal Dispatcher" daemon [_thread_blocked, id=70912, stack(0x00000000191e0000,0x00000000192e0000)]
  0x0000000018ad1000 JavaThread "Finalizer" daemon [_thread_blocked, id=76588, stack(0x0000000018fb0000,0x00000000190b0000)]
  0x0000000018ad0800 JavaThread "Reference Handler" daemon [_thread_blocked, id=70096, stack(0x0000000018eb0000,0x0000000018fb0000)]
  0x0000000002d62800 JavaThread "main" [_thread_blocked, id=77712, stack(0x0000000002c10000,0x0000000002d10000)]

Other Threads:
  0x0000000016cd6800 VMThread [stack: 0x00000000189b0000,0x0000000018ab0000] [id=66812]
  0x0000000018b78000 WatcherThread [stack: 0x00000000198e0000,0x00000000199e0000] [id=75328]

VM state:not at safepoint (normal execution)

VM Mutex/Monitor currently owned by a thread: None

heap address: 0x00000000a0000000, size: 1536 MB, Compressed Oops mode: 32-bit
Narrow klass base: 0x0000000000000000, Narrow klass shift: 3
Compressed class space size: 1073741824 Address: 0x0000000100000000

Heap:
 PSYoungGen      total 71680K, used 12984K [0x00000000e0000000, 0x00000000e8c00000, 0x0000000100000000)
  eden space 66560K, 11% used [0x00000000e0000000,0x00000000e07b21e0,0x00000000e4100000)
  from space 5120K, 99% used [0x00000000e4100000,0x00000000e45fc010,0x00000000e4600000)
  to   space 5120K, 0% used [0x00000000e8700000,0x00000000e8700000,0x00000000e8c00000)
 ParOldGen       total 87552K, used 4638K [0x00000000a0000000, 0x00000000a5580000, 0x00000000e0000000)
  object space 87552K, 5% used [0x00000000a0000000,0x00000000a04878c0,0x00000000a5580000)
 Metaspace       used 14893K, capacity 15374K, committed 15616K, reserved 1062912K
  class space    used 2097K, capacity 2229K, committed 2304K, reserved 1048576K

Card table byte_map: [0x00000000122e0000,0x00000000125f0000] byte_map_base: 0x0000000011de0000

Marking Bits: (ParMarkBitMap*) 0x0000000050f59f30
 Begin Bits: [0x0000000012ff0000, 0x00000000147f0000)
 End Bits:   [0x00000000147f0000, 0x0000000015ff0000)

Polling page: 0x0000000000bf0000

CodeCache: size=245760Kb used=5171Kb max_used=5171Kb free=240588Kb
 bounds [0x0000000002f20000, 0x0000000003430000, 0x0000000011f20000]
 total_blobs=1878 nmethods=1494 adapters=297
 compilation: enabled

Compilation events (10 events):
Event: 3.677 Thread 0x0000000018aef000 1492       3       org.gradle.internal.service.DefaultServiceRegistry$CompositeServiceProvider::getService (49 bytes)
Event: 3.677 Thread 0x0000000018aef000 nmethod 1492 0x0000000003429550 code [0x00000000034296c0, 0x0000000003429a08]
Event: 3.677 Thread 0x0000000018aef000 1491       3       org.gradle.internal.service.DefaultServiceRegistry$OwnServices::getService (309 bytes)
Event: 3.679 Thread 0x0000000018aef000 nmethod 1491 0x0000000003429b90 code [0x000000000342a080, 0x000000000342d018]
Event: 3.679 Thread 0x0000000018aef000 1493       3       sun.reflect.ReflectionFactory::inflationThreshold (4 bytes)
Event: 3.680 Thread 0x0000000018aef000 nmethod 1493 0x000000000342e650 code [0x000000000342e7a0, 0x000000000342e8d0]
Event: 3.681 Thread 0x0000000018aef000 1494       3       java.lang.Throwable::<init> (39 bytes)
Event: 3.681 Thread 0x0000000018aef000 nmethod 1494 0x000000000342e950 code [0x000000000342eac0, 0x000000000342edc8]
Event: 3.697 Thread 0x0000000018aef000 1495       3       java.util.concurrent.locks.AbstractQueuedSynchronizer::release (33 bytes)
Event: 3.697 Thread 0x0000000018aef000 nmethod 1495 0x000000000342ee90 code [0x000000000342f000, 0x000000000342f318]

GC Heap History (6 events):
Event: 0.933 GC heap before
{Heap before GC invocations=1 (full 0):
 PSYoungGen      total 38400K, used 33280K [0x00000000e0000000, 0x00000000e2a80000, 0x0000000100000000)
  eden space 33280K, 100% used [0x00000000e0000000,0x00000000e2080000,0x00000000e2080000)
  from space 5120K, 0% used [0x00000000e2580000,0x00000000e2580000,0x00000000e2a80000)
  to   space 5120K, 0% used [0x00000000e2080000,0x00000000e2080000,0x00000000e2580000)
 ParOldGen       total 87552K, used 0K [0x00000000a0000000, 0x00000000a5580000, 0x00000000e0000000)
  object space 87552K, 0% used [0x00000000a0000000,0x00000000a0000000,0x00000000a5580000)
 Metaspace       used 7037K, capacity 7352K, committed 7680K, reserved 1056768K
  class space    used 857K, capacity 944K, committed 1024K, reserved 1048576K
Event: 0.948 GC heap after
Heap after GC invocations=1 (full 0):
 PSYoungGen      total 38400K, used 4480K [0x00000000e0000000, 0x00000000e4b00000, 0x0000000100000000)
  eden space 33280K, 0% used [0x00000000e0000000,0x00000000e0000000,0x00000000e2080000)
  from space 5120K, 87% used [0x00000000e2080000,0x00000000e24e03c0,0x00000000e2580000)
  to   space 5120K, 0% used [0x00000000e4600000,0x00000000e4600000,0x00000000e4b00000)
 ParOldGen       total 87552K, used 8K [0x00000000a0000000, 0x00000000a5580000, 0x00000000e0000000)
  object space 87552K, 0% used [0x00000000a0000000,0x00000000a0002000,0x00000000a5580000)
 Metaspace       used 7037K, capacity 7352K, committed 7680K, reserved 1056768K
  class space    used 857K, capacity 944K, committed 1024K, reserved 1048576K
}
Event: 1.234 GC heap before
{Heap before GC invocations=2 (full 0):
 PSYoungGen      total 38400K, used 37760K [0x00000000e0000000, 0x00000000e4b00000, 0x0000000100000000)
  eden space 33280K, 100% used [0x00000000e0000000,0x00000000e2080000,0x00000000e2080000)
  from space 5120K, 87% used [0x00000000e2080000,0x00000000e24e03c0,0x00000000e2580000)
  to   space 5120K, 0% used [0x00000000e4600000,0x00000000e4600000,0x00000000e4b00000)
 ParOldGen       total 87552K, used 8K [0x00000000a0000000, 0x00000000a5580000, 0x00000000e0000000)
  object space 87552K, 0% used [0x00000000a0000000,0x00000000a0002000,0x00000000a5580000)
 Metaspace       used 7390K, capacity 7666K, committed 7936K, reserved 1056768K
  class space    used 914K, capacity 985K, committed 1024K, reserved 1048576K
Event: 1.238 GC heap after
Heap after GC invocations=2 (full 0):
 PSYoungGen      total 71680K, used 3597K [0x00000000e0000000, 0x00000000e4b00000, 0x0000000100000000)
  eden space 66560K, 0% used [0x00000000e0000000,0x00000000e0000000,0x00000000e4100000)
  from space 5120K, 70% used [0x00000000e4600000,0x00000000e49836d0,0x00000000e4b00000)
  to   space 5120K, 0% used [0x00000000e4100000,0x00000000e4100000,0x00000000e4600000)
 ParOldGen       total 87552K, used 24K [0x00000000a0000000, 0x00000000a5580000, 0x00000000e0000000)
  object space 87552K, 0% used [0x00000000a0000000,0x00000000a0006000,0x00000000a5580000)
 Metaspace       used 7390K, capacity 7666K, committed 7936K, reserved 1056768K
  class space    used 914K, capacity 985K, committed 1024K, reserved 1048576K
}
Event: 3.609 GC heap before
{Heap before GC invocations=3 (full 0):
 PSYoungGen      total 71680K, used 70157K [0x00000000e0000000, 0x00000000e4b00000, 0x0000000100000000)
  eden space 66560K, 100% used [0x00000000e0000000,0x00000000e4100000,0x00000000e4100000)
  from space 5120K, 70% used [0x00000000e4600000,0x00000000e49836d0,0x00000000e4b00000)
  to   space 5120K, 0% used [0x00000000e4100000,0x00000000e4100000,0x00000000e4600000)
 ParOldGen       total 87552K, used 24K [0x00000000a0000000, 0x00000000a5580000, 0x00000000e0000000)
  object space 87552K, 0% used [0x00000000a0000000,0x00000000a0006000,0x00000000a5580000)
 Metaspace       used 14624K, capacity 15114K, committed 15232K, reserved 1062912K
  class space    used 2041K, capacity 2163K, committed 2176K, reserved 1048576K
Event: 3.620 GC heap after
Heap after GC invocations=3 (full 0):
 PSYoungGen      total 71680K, used 5104K [0x00000000e0000000, 0x00000000e8c00000, 0x0000000100000000)
  eden space 66560K, 0% used [0x00000000e0000000,0x00000000e0000000,0x00000000e4100000)
  from space 5120K, 99% used [0x00000000e4100000,0x00000000e45fc010,0x00000000e4600000)
  to   space 5120K, 0% used [0x00000000e8700000,0x00000000e8700000,0x00000000e8c00000)
 ParOldGen       total 87552K, used 4638K [0x00000000a0000000, 0x00000000a5580000, 0x00000000e0000000)
  object space 87552K, 5% used [0x00000000a0000000,0x00000000a04878c0,0x00000000a5580000)
 Metaspace       used 14624K, capacity 15114K, committed 15232K, reserved 1062912K
  class space    used 2041K, capacity 2163K, committed 2176K, reserved 1048576K
}

Deoptimization events (10 events):
Event: 2.914 Thread 0x000000001b569800 Uncommon trap: reason=unstable_if action=reinterpret pc=0x00000000032f9b70 method=java.util.concurrent.ConcurrentHashMap.putVal(Ljava/lang/Object;Ljava/lang/Object;Z)Ljava/lang/Object; @ 206
Event: 3.011 Thread 0x000000001b5b1800 Uncommon trap: reason=bimorphic action=maybe_recompile pc=0x000000000316ca60 method=java.util.HashMap.putVal(ILjava/lang/Object;Ljava/lang/Object;ZZ)Ljava/lang/Object; @ 253
Event: 3.011 Thread 0x000000001b5b1800 Uncommon trap: reason=bimorphic action=maybe_recompile pc=0x000000000316ca60 method=java.util.HashMap.putVal(ILjava/lang/Object;Ljava/lang/Object;ZZ)Ljava/lang/Object; @ 253
Event: 3.011 Thread 0x000000001b5b1800 Uncommon trap: reason=bimorphic action=maybe_recompile pc=0x000000000316ca60 method=java.util.HashMap.putVal(ILjava/lang/Object;Ljava/lang/Object;ZZ)Ljava/lang/Object; @ 253
Event: 3.011 Thread 0x000000001b5b1800 Uncommon trap: reason=bimorphic action=maybe_recompile pc=0x000000000316ca60 method=java.util.HashMap.putVal(ILjava/lang/Object;Ljava/lang/Object;ZZ)Ljava/lang/Object; @ 253
Event: 3.011 Thread 0x000000001b5b1800 Uncommon trap: reason=bimorphic action=maybe_recompile pc=0x000000000316bb1c method=java.util.HashMap.putVal(ILjava/lang/Object;Ljava/lang/Object;ZZ)Ljava/lang/Object; @ 253
Event: 3.429 Thread 0x000000001b5b1800 Uncommon trap: reason=class_check action=maybe_recompile pc=0x00000000031fbf98 method=java.util.regex.Matcher.match(II)Z @ 86
Event: 3.445 Thread 0x000000001b5b1800 Uncommon trap: reason=class_check action=maybe_recompile pc=0x00000000031fbf98 method=java.util.regex.Matcher.match(II)Z @ 86
Event: 3.445 Thread 0x000000001b5b1800 Uncommon trap: reason=class_check action=maybe_recompile pc=0x00000000031fbf98 method=java.util.regex.Matcher.match(II)Z @ 86
Event: 3.445 Thread 0x000000001b5b1800 Uncommon trap: reason=class_check action=maybe_recompile pc=0x000000000308cf5c method=java.util.regex.Matcher.match(II)Z @ 86

Classes redefined (0 events):
No events

Internal exceptions (10 events):
Event: 2.922 Thread 0x000000001b569800 Exception <a 'java/lang/NoSuchMethodError': <clinit>> (0x00000000e19c1250) thrown at [D:\src\AOSP-openjdk-cygwin\jdk8u\hotspot\src\share\vm\prims\jni.cpp, line 1614]
Event: 2.926 Thread 0x000000001b569800 Exception <a 'java/lang/NoSuchMethodError': <clinit>> (0x00000000e19d4400) thrown at [D:\src\AOSP-openjdk-cygwin\jdk8u\hotspot\src\share\vm\prims\jni.cpp, line 1614]
Event: 2.929 Thread 0x000000001b569800 Exception <a 'java/lang/NoSuchMethodError': <clinit>> (0x00000000e19fb7a8) thrown at [D:\src\AOSP-openjdk-cygwin\jdk8u\hotspot\src\share\vm\prims\jni.cpp, line 1614]
Event: 2.932 Thread 0x000000001b569800 Exception <a 'java/lang/NoSuchMethodError': <clinit>> (0x00000000e1a13760) thrown at [D:\src\AOSP-openjdk-cygwin\jdk8u\hotspot\src\share\vm\prims\jni.cpp, line 1614]
Event: 2.932 Thread 0x000000001b569800 Exception <a 'java/lang/NoSuchMethodError': <clinit>> (0x00000000e1a1c3f0) thrown at [D:\src\AOSP-openjdk-cygwin\jdk8u\hotspot\src\share\vm\prims\jni.cpp, line 1614]
Event: 2.935 Thread 0x000000001b569800 Exception <a 'java/lang/NoSuchMethodError': <clinit>> (0x00000000e1a32a20) thrown at [D:\src\AOSP-openjdk-cygwin\jdk8u\hotspot\src\share\vm\prims\jni.cpp, line 1614]
Event: 2.949 Thread 0x000000001b569800 Exception <a 'java/lang/NoSuchMethodError': <clinit>> (0x00000000e1a90a68) thrown at [D:\src\AOSP-openjdk-cygwin\jdk8u\hotspot\src\share\vm\prims\jni.cpp, line 1614]
Event: 2.961 Thread 0x000000001b569800 Exception <a 'java/lang/NoSuchMethodError': <clinit>> (0x00000000e1abd7c8) thrown at [D:\src\AOSP-openjdk-cygwin\jdk8u\hotspot\src\share\vm\prims\jni.cpp, line 1614]
Event: 2.978 Thread 0x000000001b569800 Exception <a 'java/lang/NoSuchMethodError': <clinit>> (0x00000000e1aebaa0) thrown at [D:\src\AOSP-openjdk-cygwin\jdk8u\hotspot\src\share\vm\prims\jni.cpp, line 1614]
Event: 2.980 Thread 0x000000001b569800 Exception <a 'java/lang/NoSuchMethodError': <clinit>> (0x00000000e1af6ea8) thrown at [D:\src\AOSP-openjdk-cygwin\jdk8u\hotspot\src\share\vm\prims\jni.cpp, line 1614]

Events (10 events):
Event: 3.692 loading class org/gradle/internal/resource/transfer/ExternalResourceAccessor
Event: 3.692 loading class org/gradle/internal/resource/transfer/ExternalResourceAccessor done
Event: 3.694 loading class org/gradle/internal/resource/transfer/ExternalResourceConnector
Event: 3.694 loading class org/gradle/internal/resource/transfer/ExternalResourceConnector done
Event: 3.696 loading class org/gradle/internal/authentication/AllSchemesAuthentication
Event: 3.696 loading class org/gradle/internal/authentication/AllSchemesAuthentication done
Event: 3.696 loading class org/gradle/internal/resource/transport/gcp/gcs/GcsConnectorFactory
Event: 3.696 loading class org/gradle/internal/resource/transport/gcp/gcs/GcsConnectorFactory done
Event: 3.698 loading class org/gradle/internal/resource/transport/aws/s3/S3ConnectorFactory
Event: 3.698 loading class org/gradle/internal/resource/transport/aws/s3/S3ConnectorFactory done


Dynamic libraries:
0x00007ff7a0010000 - 0x00007ff7a0041000 	C:\Program Files\Android\Android Studio\jre\bin\java.exe
0x00007ffc50600000 - 0x00007ffc507f0000 	C:\Windows\SYSTEM32\ntdll.dll
0x00007ffc4f000000 - 0x00007ffc4f0b2000 	C:\Windows\System32\KERNEL32.DLL
0x00007ffc4e400000 - 0x00007ffc4e6a4000 	C:\Windows\System32\KERNELBASE.dll
0x00007ffc4f280000 - 0x00007ffc4f323000 	C:\Windows\System32\ADVAPI32.dll
0x00007ffc4f470000 - 0x00007ffc4f50e000 	C:\Windows\System32\msvcrt.dll
0x00007ffc50080000 - 0x00007ffc50117000 	C:\Windows\System32\sechost.dll
0x00007ffc4e9c0000 - 0x00007ffc4eae0000 	C:\Windows\System32\RPCRT4.dll
0x00007ffc4f0c0000 - 0x00007ffc4f254000 	C:\Windows\System32\USER32.dll
0x00007ffc4e3d0000 - 0x00007ffc4e3f1000 	C:\Windows\System32\win32u.dll
0x00007ffc4f3d0000 - 0x00007ffc4f3f6000 	C:\Windows\System32\GDI32.dll
0x00007ffc4e060000 - 0x00007ffc4e1f4000 	C:\Windows\System32\gdi32full.dll
0x00007ffc4d640000 - 0x00007ffc4d6de000 	C:\Windows\System32\msvcp_win.dll
0x00007ffc4e200000 - 0x00007ffc4e2fa000 	C:\Windows\System32\ucrtbase.dll
0x00007ffc30a50000 - 0x00007ffc30cd4000 	C:\Windows\WinSxS\amd64_microsoft.windows.common-controls_6595b64144ccf1df_6.0.18362.836_none_e6c4b943130f18ed\COMCTL32.dll
0x00007ffc4f5e0000 - 0x00007ffc4f916000 	C:\Windows\System32\combase.dll
0x00007ffc4e350000 - 0x00007ffc4e3d0000 	C:\Windows\System32\bcryptPrimitives.dll
0x00007ffc4f340000 - 0x00007ffc4f36e000 	C:\Windows\System32\IMM32.DLL
0x00000000505d0000 - 0x00000000506a2000 	C:\Program Files\Android\Android Studio\jre\jre\bin\msvcr100.dll
0x0000000050790000 - 0x0000000050fd6000 	C:\Program Files\Android\Android Studio\jre\jre\bin\server\jvm.dll
0x00007ffc50200000 - 0x00007ffc50208000 	C:\Windows\System32\PSAPI.DLL
0x00007ffc36ed0000 - 0x00007ffc36ef4000 	C:\Windows\SYSTEM32\WINMM.dll
0x00007ffc35ea0000 - 0x00007ffc35ea9000 	C:\Windows\SYSTEM32\WSOCK32.dll
0x00007ffc448f0000 - 0x00007ffc448fa000 	C:\Windows\SYSTEM32\VERSION.dll
0x00007ffc50010000 - 0x00007ffc5007f000 	C:\Windows\System32\WS2_32.dll
0x00007ffc37e30000 - 0x00007ffc37e5d000 	C:\Windows\SYSTEM32\winmmbase.dll
0x00007ffc4d830000 - 0x00007ffc4d87a000 	C:\Windows\System32\cfgmgr32.dll
0x00007ffc3f8c0000 - 0x00007ffc3f8cf000 	C:\Program Files\Android\Android Studio\jre\jre\bin\verify.dll
0x00007ffc3ad70000 - 0x00007ffc3ad99000 	C:\Program Files\Android\Android Studio\jre\jre\bin\java.dll
0x00007ffc3d980000 - 0x00007ffc3d996000 	C:\Program Files\Android\Android Studio\jre\jre\bin\zip.dll
0x00007ffc4f920000 - 0x00007ffc50004000 	C:\Windows\System32\SHELL32.dll
0x00007ffc50210000 - 0x00007ffc502b9000 	C:\Windows\System32\shcore.dll
0x00007ffc4d8e0000 - 0x00007ffc4e05e000 	C:\Windows\System32\windows.storage.dll
0x00007ffc4d560000 - 0x00007ffc4d583000 	C:\Windows\System32\profapi.dll
0x00007ffc4d4f0000 - 0x00007ffc4d53a000 	C:\Windows\System32\powrprof.dll
0x00007ffc4d4c0000 - 0x00007ffc4d4d0000 	C:\Windows\System32\UMPDC.dll
0x00007ffc4f400000 - 0x00007ffc4f452000 	C:\Windows\System32\shlwapi.dll
0x00007ffc4d4d0000 - 0x00007ffc4d4e1000 	C:\Windows\System32\kernel.appcore.dll
0x00007ffc4e330000 - 0x00007ffc4e347000 	C:\Windows\System32\cryptsp.dll
0x00007ffc3aee0000 - 0x00007ffc3aefa000 	C:\Program Files\Android\Android Studio\jre\jre\bin\net.dll
0x00007ffc36660000 - 0x00007ffc36836000 	C:\Windows\SYSTEM32\urlmon.dll
0x00007ffc357c0000 - 0x00007ffc35a66000 	C:\Windows\SYSTEM32\iertutil.dll
0x00007ffc4cea0000 - 0x00007ffc4ceac000 	C:\Windows\SYSTEM32\CRYPTBASE.DLL
0x00007ffc4ccd0000 - 0x00007ffc4cd37000 	C:\Windows\system32\mswsock.dll
0x00007ffc3aad0000 - 0x00007ffc3aae3000 	C:\Program Files\Android\Android Studio\jre\jre\bin\nio.dll
0x00007ffc3c7b0000 - 0x00007ffc3c7d6000 	C:\Users\user\.gradle\native\30\windows-amd64\native-platform.dll
0x00007ffc3f7d0000 - 0x00007ffc3f7dd000 	C:\Program Files\Android\Android Studio\jre\jre\bin\management.dll
0x00007ffc4c840000 - 0x00007ffc4c873000 	C:\Windows\system32\rsaenh.dll
0x00007ffc4e300000 - 0x00007ffc4e326000 	C:\Windows\System32\bcrypt.dll
0x00007ffc4d3b0000 - 0x00007ffc4d3d5000 	C:\Windows\SYSTEM32\USERENV.dll
0x00007ffc4c9e0000 - 0x00007ffc4ca1a000 	C:\Windows\SYSTEM32\IPHLPAPI.DLL
0x00007ffc4f330000 - 0x00007ffc4f338000 	C:\Windows\System32\NSI.dll
0x00007ffc43980000 - 0x00007ffc43996000 	C:\Windows\SYSTEM32\dhcpcsvc6.DLL
0x00007ffc43940000 - 0x00007ffc4395c000 	C:\Windows\SYSTEM32\dhcpcsvc.DLL
0x00007ffc4ca20000 - 0x00007ffc4caeb000 	C:\Windows\SYSTEM32\DNSAPI.dll

VM Arguments:
jvm_args: -Xmx1536m -Dfile.encoding=windows-1252 -Duser.country=FR -Duser.language=fr -Duser.variant 
java_command: org.gradle.launcher.daemon.bootstrap.GradleDaemon 5.6.4
java_class_path (initial): C:\Users\user\.gradle\wrapper\dists\gradle-5.6.4-all\ankdp27end7byghfw1q2sw75f\gradle-5.6.4\lib\gradle-launcher-5.6.4.jar
Launcher Type: SUN_STANDARD

Environment Variables:
JAVA_HOME=C:\Program Files\Java\jdk-13.0.1\bin
CLASSPATH=.;
PATH=C:\Python27\;C:\Python27\Scripts;C:\Program Files (x86)\Common Files\Oracle\Java\javapath;C:\Windows\system32;C:\Windows;C:\Windows\System32\Wbem;C:\Windows\System32\WindowsPowerShell\v1.0\;C:\Windows\System32\OpenSSH\;C:\Program Files\Intel\WiFi\bin\;C:\Program Files\Common Files\Intel\WirelessCommon\;C:\xampp\php;C:\composer;C:\Program Files\Git\cmd;C:\Program Files\Microsoft SQL Server\130\Tools\Binn\;C:\Program Files\Microsoft SQL Server\Client SDK\ODBC\170\Tools\Binn\;C:\ProgramData\chocolatey\bin;C:\Program Files\Microsoft VS Code\bin;C:\ProgramData\chocolatey\lib\maven\apache-maven-3.6.3\bin;C:\Program Files\ojdkbuild\java-13-openjdk-13.0.1-1\missioncontrol\;C:\Program Files\ojdkbuild\java-13-openjdk-13.0.1-1\bin;C:\Program Files\nodejs\;C:\Program Files\PuTTY\;C:\Program Files\AdoptOpenJDK\jdk8u192-b12\bin;C:\Program Files\Java\jdk-13.0.1\bin;C:\Android\android-sdk\tools;C:\Android\android-sdk\platform-tools;C:\Android\android-sdk\tools\bin;C:\Program Files\dotnet\;C:\Users\user\AppData\Local\Microsoft\WindowsApps;C:\Users\user\AppData\Roaming\Composer\vendor\bin;C:\Users\user\AppData\Local\GitHubDesktop\bin;C:\Program Files\JetBrains\PhpStorm 2019.2.3\bin;;C:\ProgramData\user\GitHubDesktop\bin;C:\Program Files\JetBrains\IntelliJ IDEA 2019.2.2\bin;;C:\Program Files\JetBrains\WebStorm 2019.2.3\bin;;C:\Program Files\Android\jdk\microsoft_dist_openjdk_1.8.0.25\bin;C:\Users\user\.dotnet\tools;C:\Users\user\AppData\Roaming\npm;C:\tools\mysql\current\bin;
USERNAME=user
OS=Windows_NT
PROCESSOR_IDENTIFIER=Intel64 Family 6 Model 142 Stepping 10, GenuineIntel



---------------  S Y S T E M  ---------------

OS: Windows 10.0 , 64 bit Build 18362 (10.0.18362.778)

CPU:total 8 (initial active 8) (4 cores per cpu, 2 threads per core) family 6 model 142 stepping 10, cmov, cx8, fxsr, mmx, sse, sse2, sse3, ssse3, sse4.1, sse4.2, popcnt, avx, avx2, aes, clmul, erms, rtm, 3dnowpref, lzcnt, ht, tsc, tscinvbit, bmi1, bmi2, adx

Memory: 4k page, physical 8277056k(704392k free), swap 33442880k(3672k free)

vm_info: OpenJDK 64-Bit Server VM (25.212-b04) for windows-amd64 JRE (1.8.0_212-release-1586-b04), built by "builder" with MS VC++ 10.0 (VS2010)

time: Sat May 16 16:14:51 2020
timezone: Paris, Madrid (heure d’été)
elapsed time: 3 seconds (0d 0h 0m 3s)

